<?xml version="1.0" encoding="UTF-8"?>
<!-- Generated by org.testng.reporters.JUnitReportReporter -->
<testsuite hostname="Sree" failures="0" tests="9" name="com.testcases.TestCases" time="121.138" errors="0" timestamp="2021-05-12T11:00:25 IST" skipped="0">
  <testcase classname="com.testcases.TestCases" name="clickUpComingBikes" time="13.176"/>
  <system-out/>
  <testcase classname="com.testcases.TestCases" name="clickViewMore" time="13.574"/>
  <system-out/>
  <testcase classname="com.testcases.TestCases" name="selectHondaBikes" time="13.624"/>
  <system-out/>
  <testcase classname="com.testcases.TestCases" name="getPopularModels" time="12.468"/>
  <system-out/>
  <testcase classname="com.testcases.TestCases" name="verifyChennai" time="0.077"/>
  <system-out/>
  <testcase classname="com.testcases.TestCases" name="displayUpcomingBikes" time="25.586"/>
  <system-out/>
  <testcase classname="com.testcases.TestCases" name="selectChennai" time="12.309"/>
  <system-out/>
  <testcase classname="com.testcases.TestCases" name="verifyHondaPage" time="0.055"/>
  <system-out/>
  <testcase classname="com.testcases.TestCases" name="clickLogin" time="30.269"/>
  <system-out/>
</testsuite> <!-- com.testcases.TestCases -->
